  Compiling CUDA source file main2.cu...
  
  C:\Users\khand\source\repos\DynamicSSSP1\DynamicSSSP1>"C:\Program Files\NVIDIA GPU Computing Toolkit\CUDA\v10.1\bin\nvcc.exe" -gencode=arch=compute_35,code=\"sm_35,compute_35\" --use-local-env -ccbin "C:\Program Files (x86)\Microsoft Visual Studio\2019\Community\VC\Tools\MSVC\14.23.28105\bin\HostX86\x64" -x cu  -I"C:\Program Files\NVIDIA GPU Computing Toolkit\CUDA\v10.1\include" -I"C:\Program Files\NVIDIA GPU Computing Toolkit\CUDA\v10.1\include"  -G   --keep-dir x64\Debug -maxrregcount=0  --machine 64 --compile -cudart static  -g   -DWIN32 -DWIN64 -D_DEBUG -D_CONSOLE -D_MBCS -Xcompiler "/EHsc /W3 /nologo /Od /Fdx64\Debug\vc142.pdb /FS /Zi /RTC1 /MDd " -o x64\Debug\main2.cu.obj "C:\Users\khand\source\repos\DynamicSSSP1\DynamicSSSP1\main2.cu" 
C:\Users\khand\source\repos\DynamicSSSP1\DynamicSSSP1\all_structure_cuda.cuh(183): warning : variable "l" was declared but never referenced
  
C:\Users\khand\source\repos\DynamicSSSP1\DynamicSSSP1\all_structure_cuda.cuh(231): warning : variable "dummy" was set but never used
  
C:/Users/khand/source/repos/DynamicSSSP1/DynamicSSSP1/main2.cu(759): warning : variable "totalAffectedNode" was declared but never referenced
  
C:/Users/khand/source/repos/DynamicSSSP1/DynamicSSSP1/main2.cu(587): warning : variable "startx" was declared but never referenced
  
C:/Users/khand/source/repos/DynamicSSSP1/DynamicSSSP1/main2.cu(587): warning : variable "endx" was declared but never referenced
  
C:/Users/khand/source/repos/DynamicSSSP1/DynamicSSSP1/main2.cu(587): warning : variable "starty" was declared but never referenced
  
C:/Users/khand/source/repos/DynamicSSSP1/DynamicSSSP1/main2.cu(587): warning : variable "endy" was declared but never referenced
  
C:/Users/khand/source/repos/DynamicSSSP1/DynamicSSSP1/main2.cu(733): warning : variable "p" was declared but never referenced
  
C:/Users/khand/source/repos/DynamicSSSP1/DynamicSSSP1/main2.cu(936): warning : label "Error" was declared but never referenced
  
C:/Users/khand/source/repos/DynamicSSSP1/DynamicSSSP1/main2.cu(949): warning : variable "iter" was declared but never referenced
  
C:/Users/khand/source/repos/DynamicSSSP1/DynamicSSSP1/main2.cu(1065): warning : variable "iter" was declared but never referenced
  
  main2.cu
C:/Users/khand/source/repos/DynamicSSSP1/DynamicSSSP1/main2.cu(696): warning C4267: 'initializing': conversion from 'size_t' to 'int', possible loss of data
C:/Users/khand/source/repos/DynamicSSSP1/DynamicSSSP1/main2.cu(936): warning C4102: 'Error': unreferenced label
C:/Users/khand/source/repos/DynamicSSSP1/DynamicSSSP1/main2.cu(587): warning C4101: 'starty': unreferenced local variable
C:/Users/khand/source/repos/DynamicSSSP1/DynamicSSSP1/main2.cu(587): warning C4101: 'endx': unreferenced local variable
C:/Users/khand/source/repos/DynamicSSSP1/DynamicSSSP1/main2.cu(587): warning C4101: 'endy': unreferenced local variable
C:/Users/khand/source/repos/DynamicSSSP1/DynamicSSSP1/main2.cu(733): warning C4101: 'p': unreferenced local variable
C:/Users/khand/source/repos/DynamicSSSP1/DynamicSSSP1/main2.cu(587): warning C4101: 'startx': unreferenced local variable
C:/Users/khand/source/repos/DynamicSSSP1/DynamicSSSP1/main2.cu(759): warning C4101: 'totalAffectedNode': unreferenced local variable
  DynamicSSSP1.vcxproj -> C:\Users\khand\source\repos\DynamicSSSP1\x64\Debug\DynamicSSSP1.exe
